
=== LASER ANALYSIS [19:31:38.767] ===
Target Enemy ID: 0
End Reason: OUT_OF_BOUNDS
Details: Final pos: (140.12, 98.00)
Total Frames: 4
Minimum Distance Achieved: 60.38px
Hit Threshold: 12px
Collision Threshold: 4px
Frames with No Progress: 0
Start Position: (122.31, 114.79)
End Position: (140.12, 98.0)
Start Target: (95.4, 59.28)
End Target: (94.97, 60.45)
Start Distance: 60.60px
End Distance: 60.38px

*** ANALYSIS ***
- Laser went out of bounds - possible overshoot or lost target

--- DETAILED FRAME DATA ---
Frame | Laser Pos      | Target Pos     | Dist  | Dir Change | Progress
------|----------------|----------------|-------|------------|----------
    0 | (122.31, 114.79) | (95.4, 59.28)  |  60.6 | 15.152 |   +0.00
    1 | (129.61, 110.76) | (95.26, 59.67) |  61.4 | 15.088 |   +0.81
    2 | (135.67, 105.05) | (95.11, 60.06) |  61.3 | 15.094 |   -0.07
    3 | (140.12, 98.0) | (94.97, 60.45) |  60.4 | 15.169 |   -0.94
    0 | (122.31, 114.79) | (95.4, 59.28)  |  60.6 | 15.152 |   +0.00
    1 | (129.61, 110.76) | (95.26, 59.67) |  61.4 | 15.088 |   +0.81
    2 | (135.67, 105.05) | (95.11, 60.06) |  61.3 | 15.094 |   -0.07
    3 | (140.12, 98.0) | (94.97, 60.45) |  60.4 | 15.169 |   -0.94


=== LASER ANALYSIS [19:31:38.769] ===
Target Enemy ID: 0
End Reason: OUT_OF_BOUNDS_CLEANUP
Details: Cleaned up at pos: (140.12, 98.00)
Total Frames: 4
Minimum Distance Achieved: 60.38px
Hit Threshold: 12px
Collision Threshold: 4px
Frames with No Progress: 0
Start Position: (122.31, 114.79)
End Position: (140.12, 98.0)
Start Target: (95.4, 59.28)
End Target: (94.97, 60.45)
Start Distance: 60.60px
End Distance: 60.38px

*** ANALYSIS ***

--- DETAILED FRAME DATA ---
Frame | Laser Pos      | Target Pos     | Dist  | Dir Change | Progress
------|----------------|----------------|-------|------------|----------
    0 | (122.31, 114.79) | (95.4, 59.28)  |  60.6 | 15.152 |   +0.00
    1 | (129.61, 110.76) | (95.26, 59.67) |  61.4 | 15.088 |   +0.81
    2 | (135.67, 105.05) | (95.11, 60.06) |  61.3 | 15.094 |   -0.07
    3 | (140.12, 98.0) | (94.97, 60.45) |  60.4 | 15.169 |   -0.94
    0 | (122.31, 114.79) | (95.4, 59.28)  |  60.6 | 15.152 |   +0.00
    1 | (129.61, 110.76) | (95.26, 59.67) |  61.4 | 15.088 |   +0.81
    2 | (135.67, 105.05) | (95.11, 60.06) |  61.3 | 15.094 |   -0.07
    3 | (140.12, 98.0) | (94.97, 60.45) |  60.4 | 15.169 |   -0.94


=== LASER ANALYSIS [19:31:38.899] ===
Target Enemy ID: 0
End Reason: HIT
Details: Distance: 11.16 < threshold: 12
Total Frames: 12
Minimum Distance Achieved: 11.16px
Hit Threshold: 12px
Collision Threshold: 4px
Average Distance Change (last 5 frames): -3.954px
Frames with No Progress: 0
Start Position: (104.95, 107.84)
End Position: (83.79, 55.47)
Start Target: (95.4, 59.28)
End Target: (93.8, 63.57)
Start Distance: 50.77px
End Distance: 11.16px

--- DETAILED FRAME DATA ---
Frame | Laser Pos      | Target Pos     | Dist  | Dir Change | Progress
------|----------------|----------------|-------|------------|----------
    0 | (104.95, 107.84) | (95.4, 59.28)  |  50.8 | 15.938 |   +0.00
    1 | (112.13, 103.6) | (95.26, 59.67) |  49.1 | 16.069 |   -1.64
    2 | (117.91, 97.59) | (95.11, 60.06) |  46.8 | 16.260 |   -2.39
    3 | (121.84, 90.25) | (94.97, 60.45) |  43.7 | 16.507 |   -3.09
    4 | (123.58, 82.1) | (94.82, 60.84) |  39.9 | 16.805 |   -3.73
  ... (middle frames omitted) ...
    7 | (114.83, 59.45) | (94.39, 62.01) |  25.9 | 17.928 |   -5.03
    8 | (107.95, 54.75) | (94.24, 62.4)  |  20.8 | 18.336 |   -5.10
    9 | (99.96, 52.39) | (94.1, 62.79)  |  16.0 | 18.719 |   -4.78
   10 | (91.63, 52.63) | (93.95, 63.18) |  12.3 | 19.012 |   -3.66
   11 | (83.79, 55.47) | (93.8, 63.57)  |  11.2 | 19.108 |   -1.20


=== LASER ANALYSIS [19:31:38.900] ===
Target Enemy ID: 0
End Reason: TIMEOUT
Details: Laser became inactive - Min distance: 11.16
Total Frames: 12
Minimum Distance Achieved: 11.16px
Hit Threshold: 12px
Collision Threshold: 4px
Average Distance Change (last 5 frames): -3.954px
Frames with No Progress: 0
Start Position: (104.95, 107.84)
End Position: (83.79, 55.47)
Start Target: (95.4, 59.28)
End Target: (93.8, 63.57)
Start Distance: 50.77px
End Distance: 11.16px

*** ANALYSIS ***
- Got close (11.16px) but failed to hit
- Possible threshold issue or collision detection problem

--- DETAILED FRAME DATA ---
Frame | Laser Pos      | Target Pos     | Dist  | Dir Change | Progress
------|----------------|----------------|-------|------------|----------
    0 | (104.95, 107.84) | (95.4, 59.28)  |  50.8 | 15.938 |   +0.00
    1 | (112.13, 103.6) | (95.26, 59.67) |  49.1 | 16.069 |   -1.64
    2 | (117.91, 97.59) | (95.11, 60.06) |  46.8 | 16.260 |   -2.39
    3 | (121.84, 90.25) | (94.97, 60.45) |  43.7 | 16.507 |   -3.09
    4 | (123.58, 82.1) | (94.82, 60.84) |  39.9 | 16.805 |   -3.73
  ... (middle frames omitted) ...
    7 | (114.83, 59.45) | (94.39, 62.01) |  25.9 | 17.928 |   -5.03
    8 | (107.95, 54.75) | (94.24, 62.4)  |  20.8 | 18.336 |   -5.10
    9 | (99.96, 52.39) | (94.1, 62.79)  |  16.0 | 18.719 |   -4.78
   10 | (91.63, 52.63) | (93.95, 63.18) |  12.3 | 19.012 |   -3.66
   11 | (83.79, 55.47) | (93.8, 63.57)  |  11.2 | 19.108 |   -1.20


=== LASER ANALYSIS [19:31:43.768] ===
Target Enemy ID: 3
End Reason: OUT_OF_BOUNDS
Details: Final pos: (138.20, 73.82)
Total Frames: 2
Minimum Distance Achieved: 34.72px
Hit Threshold: 12px
Collision Threshold: 4px
Frames with No Progress: 0
Start Position: (131.19, 78.33)
End Position: (138.2, 73.82)
Start Target: (122.91, 44.31)
End Target: (122.69, 44.67)
Start Distance: 36.36px
End Distance: 34.72px

*** ANALYSIS ***
- Laser went out of bounds - possible overshoot or lost target

--- DETAILED FRAME DATA ---
Frame | Laser Pos      | Target Pos     | Dist  | Dir Change | Progress
------|----------------|----------------|-------|------------|----------
    0 | (131.19, 78.33) | (122.91, 44.31) |  36.4 | 17.091 |   +0.00
    1 | (138.2, 73.82) | (122.69, 44.67) |  34.7 | 17.222 |   -1.64
    0 | (131.19, 78.33) | (122.91, 44.31) |  36.4 | 17.091 |   +0.00
    1 | (138.2, 73.82) | (122.69, 44.67) |  34.7 | 17.222 |   -1.64


=== LASER ANALYSIS [19:31:43.769] ===
Target Enemy ID: 3
End Reason: OUT_OF_BOUNDS_CLEANUP
Details: Cleaned up at pos: (138.20, 73.82)
Total Frames: 2
Minimum Distance Achieved: 34.72px
Hit Threshold: 12px
Collision Threshold: 4px
Frames with No Progress: 0
Start Position: (131.19, 78.33)
End Position: (138.2, 73.82)
Start Target: (122.91, 44.31)
End Target: (122.69, 44.67)
Start Distance: 36.36px
End Distance: 34.72px

*** ANALYSIS ***

--- DETAILED FRAME DATA ---
Frame | Laser Pos      | Target Pos     | Dist  | Dir Change | Progress
------|----------------|----------------|-------|------------|----------
    0 | (131.19, 78.33) | (122.91, 44.31) |  36.4 | 17.091 |   +0.00
    1 | (138.2, 73.82) | (122.69, 44.67) |  34.7 | 17.222 |   -1.64
    0 | (131.19, 78.33) | (122.91, 44.31) |  36.4 | 17.091 |   +0.00
    1 | (138.2, 73.82) | (122.69, 44.67) |  34.7 | 17.222 |   -1.64


=== LASER ANALYSIS [19:31:43.802] ===
Target Enemy ID: 3
End Reason: OUT_OF_BOUNDS
Details: Final pos: (141.18, 64.74)
Total Frames: 4
Minimum Distance Achieved: 31.04px
Hit Threshold: 12px
Collision Threshold: 4px
Frames with No Progress: 0
Start Position: (125.11, 82.98)
End Position: (141.18, 64.74)
Start Target: (122.91, 44.31)
End Target: (122.26, 45.38)
Start Distance: 41.37px
End Distance: 31.04px

*** ANALYSIS ***
- Laser went out of bounds - possible overshoot or lost target

--- DETAILED FRAME DATA ---
Frame | Laser Pos      | Target Pos     | Dist  | Dir Change | Progress
------|----------------|----------------|-------|------------|----------
    0 | (125.11, 82.98) | (122.91, 44.31) |  41.4 | 16.691 |   +0.00
    1 | (132.17, 78.55) | (122.69, 44.67) |  38.4 | 16.929 |   -2.98
    2 | (137.69, 72.31) | (122.48, 45.02) |  34.9 | 17.208 |   -3.49
    3 | (141.18, 64.74) | (122.26, 45.38) |  31.0 | 17.517 |   -3.87
    0 | (125.11, 82.98) | (122.91, 44.31) |  41.4 | 16.691 |   +0.00
    1 | (132.17, 78.55) | (122.69, 44.67) |  38.4 | 16.929 |   -2.98
    2 | (137.69, 72.31) | (122.48, 45.02) |  34.9 | 17.208 |   -3.49
    3 | (141.18, 64.74) | (122.26, 45.38) |  31.0 | 17.517 |   -3.87


=== LASER ANALYSIS [19:31:43.803] ===
Target Enemy ID: 3
End Reason: OUT_OF_BOUNDS_CLEANUP
Details: Cleaned up at pos: (141.18, 64.74)
Total Frames: 4
Minimum Distance Achieved: 31.04px
Hit Threshold: 12px
Collision Threshold: 4px
Frames with No Progress: 0
Start Position: (125.11, 82.98)
End Position: (141.18, 64.74)
Start Target: (122.91, 44.31)
End Target: (122.26, 45.38)
Start Distance: 41.37px
End Distance: 31.04px

*** ANALYSIS ***

--- DETAILED FRAME DATA ---
Frame | Laser Pos      | Target Pos     | Dist  | Dir Change | Progress
------|----------------|----------------|-------|------------|----------
    0 | (125.11, 82.98) | (122.91, 44.31) |  41.4 | 16.691 |   +0.00
    1 | (132.17, 78.55) | (122.69, 44.67) |  38.4 | 16.929 |   -2.98
    2 | (137.69, 72.31) | (122.48, 45.02) |  34.9 | 17.208 |   -3.49
    3 | (141.18, 64.74) | (122.26, 45.38) |  31.0 | 17.517 |   -3.87
    0 | (125.11, 82.98) | (122.91, 44.31) |  41.4 | 16.691 |   +0.00
    1 | (132.17, 78.55) | (122.69, 44.67) |  38.4 | 16.929 |   -2.98
    2 | (137.69, 72.31) | (122.48, 45.02) |  34.9 | 17.208 |   -3.49
    3 | (141.18, 64.74) | (122.26, 45.38) |  31.0 | 17.517 |   -3.87


=== LASER ANALYSIS [19:31:48.790] ===
Target Enemy ID: 1
End Reason: COLLISION_HIT
Details: Rect collision - Distance: 7.46, Laser: (99.97,27.90), Enemy: (91.92,17.63)
Total Frames: 10
Minimum Distance Achieved: 15.80px
Hit Threshold: 12px
Collision Threshold: 4px
Average Distance Change (last 5 frames): -8.083px
Frames with No Progress: 0
Start Position: (92.6, 89.72)
End Position: (99.97, 27.9)
Start Target: (94.89, 18.02)
End Target: (95.92, 21.63)
Start Distance: 74.36px
End Distance: 15.80px

--- DETAILED FRAME DATA ---
Frame | Laser Pos      | Target Pos     | Dist  | Dir Change | Progress
------|----------------|----------------|-------|------------|----------
    0 | (92.6, 89.72)  | (94.89, 18.02) |  74.4 | 14.051 |   +0.00
    1 | (100.02, 85.93) | (95.0, 18.42)  |  71.3 | 14.293 |   -3.02
    2 | (106.31, 80.46) | (95.12, 18.82) |  67.3 | 14.617 |   -4.05
    3 | (111.04, 73.6) | (95.23, 19.22) |  62.2 | 15.022 |   -5.06
    4 | (113.87, 65.76) | (95.34, 19.62) |  56.2 | 15.503 |   -6.01
    5 | (114.52, 57.45) | (95.46, 20.02) |  49.3 | 16.056 |   -6.91
    6 | (112.87, 49.29) | (95.57, 20.43) |  41.6 | 16.672 |   -7.71
    7 | (108.96, 41.93) | (95.69, 20.83) |  33.2 | 17.340 |   -8.35
    8 | (104.49, 34.89) | (95.8, 21.23)  |  24.5 | 18.038 |   -8.72
    9 | (99.97, 27.9)  | (95.92, 21.63) |  15.8 | 18.736 |   -8.73


=== LASER ANALYSIS [19:31:48.791] ===
Target Enemy ID: 1
End Reason: TIMEOUT
Details: Laser became inactive - Min distance: 15.80
Total Frames: 10
Minimum Distance Achieved: 15.80px
Hit Threshold: 12px
Collision Threshold: 4px
Average Distance Change (last 5 frames): -8.083px
Frames with No Progress: 0
Start Position: (92.6, 89.72)
End Position: (99.97, 27.9)
Start Target: (94.89, 18.02)
End Target: (95.92, 21.63)
Start Distance: 74.36px
End Distance: 15.80px

*** ANALYSIS ***
- Got close (15.80px) but failed to hit
- Possible threshold issue or collision detection problem

--- DETAILED FRAME DATA ---
Frame | Laser Pos      | Target Pos     | Dist  | Dir Change | Progress
------|----------------|----------------|-------|------------|----------
    0 | (92.6, 89.72)  | (94.89, 18.02) |  74.4 | 14.051 |   +0.00
    1 | (100.02, 85.93) | (95.0, 18.42)  |  71.3 | 14.293 |   -3.02
    2 | (106.31, 80.46) | (95.12, 18.82) |  67.3 | 14.617 |   -4.05
    3 | (111.04, 73.6) | (95.23, 19.22) |  62.2 | 15.022 |   -5.06
    4 | (113.87, 65.76) | (95.34, 19.62) |  56.2 | 15.503 |   -6.01
    5 | (114.52, 57.45) | (95.46, 20.02) |  49.3 | 16.056 |   -6.91
    6 | (112.87, 49.29) | (95.57, 20.43) |  41.6 | 16.672 |   -7.71
    7 | (108.96, 41.93) | (95.69, 20.83) |  33.2 | 17.340 |   -8.35
    8 | (104.49, 34.89) | (95.8, 21.23)  |  24.5 | 18.038 |   -8.72
    9 | (99.97, 27.9)  | (95.92, 21.63) |  15.8 | 18.736 |   -8.73


=== LASER ANALYSIS [19:31:48.833] ===
Target Enemy ID: 1
End Reason: HIT
Details: Distance: 11.88 < threshold: 12
Total Frames: 13
Minimum Distance Achieved: 11.88px
Hit Threshold: 12px
Collision Threshold: 4px
Average Distance Change (last 5 frames): -8.302px
Frames with No Progress: 0
Start Position: (102.79, 103.18)
End Position: (98.12, 23.91)
Start Target: (94.89, 18.02)
End Target: (95.8, 21.23)
Start Distance: 86.95px
End Distance: 11.88px

--- DETAILED FRAME DATA ---
Frame | Laser Pos      | Target Pos     | Dist  | Dir Change | Progress
------|----------------|----------------|-------|------------|----------
    0 | (102.79, 103.18) | (94.89, 18.02) |  87.0 | 13.044 |   +0.00
    1 | (110.34, 99.65) | (95.0, 18.42)  |  85.1 | 13.191 |   -1.84
    2 | (116.92, 94.53) | (95.12, 18.82) |  82.2 | 13.420 |   -2.87
    3 | (122.16, 88.06) | (95.23, 19.22) |  78.4 | 13.730 |   -3.88
    4 | (125.76, 80.54) | (95.34, 19.62) |  73.5 | 14.120 |   -4.87
  ... (middle frames omitted) ...
    8 | (119.87, 49.17) | (95.8, 21.23)  |  45.2 | 16.387 |   -8.23
    9 | (114.43, 42.86) | (95.8, 21.23)  |  36.9 | 17.050 |   -8.28
   10 | (108.99, 36.54) | (95.8, 21.23)  |  28.6 | 17.716 |   -8.33
   11 | (103.55, 30.23) | (95.8, 21.23)  |  20.2 | 18.383 |   -8.33
   12 | (98.12, 23.91) | (95.8, 21.23)  |  11.9 | 19.050 |   -8.33


=== LASER ANALYSIS [19:31:48.834] ===
Target Enemy ID: 1
End Reason: TIMEOUT
Details: Laser became inactive - Min distance: 11.88
Total Frames: 13
Minimum Distance Achieved: 11.88px
Hit Threshold: 12px
Collision Threshold: 4px
Average Distance Change (last 5 frames): -8.302px
Frames with No Progress: 0
Start Position: (102.79, 103.18)
End Position: (98.12, 23.91)
Start Target: (94.89, 18.02)
End Target: (95.8, 21.23)
Start Distance: 86.95px
End Distance: 11.88px

*** ANALYSIS ***
- Got close (11.88px) but failed to hit
- Possible threshold issue or collision detection problem

--- DETAILED FRAME DATA ---
Frame | Laser Pos      | Target Pos     | Dist  | Dir Change | Progress
------|----------------|----------------|-------|------------|----------
    0 | (102.79, 103.18) | (94.89, 18.02) |  87.0 | 13.044 |   +0.00
    1 | (110.34, 99.65) | (95.0, 18.42)  |  85.1 | 13.191 |   -1.84
    2 | (116.92, 94.53) | (95.12, 18.82) |  82.2 | 13.420 |   -2.87
    3 | (122.16, 88.06) | (95.23, 19.22) |  78.4 | 13.730 |   -3.88
    4 | (125.76, 80.54) | (95.34, 19.62) |  73.5 | 14.120 |   -4.87
  ... (middle frames omitted) ...
    8 | (119.87, 49.17) | (95.8, 21.23)  |  45.2 | 16.387 |   -8.23
    9 | (114.43, 42.86) | (95.8, 21.23)  |  36.9 | 17.050 |   -8.28
   10 | (108.99, 36.54) | (95.8, 21.23)  |  28.6 | 17.716 |   -8.33
   11 | (103.55, 30.23) | (95.8, 21.23)  |  20.2 | 18.383 |   -8.33
   12 | (98.12, 23.91) | (95.8, 21.23)  |  11.9 | 19.050 |   -8.33


=== LASER ANALYSIS [19:31:48.850] ===
Target Enemy ID: 1
End Reason: HIT
Details: Distance: 5.71 < threshold: 12
Total Frames: 14
Minimum Distance Achieved: 5.71px
Hit Threshold: 12px
Collision Threshold: 4px
Average Distance Change (last 5 frames): -8.229px
Frames with No Progress: 0
Start Position: (112.25, 97.28)
End Position: (93.59, 19.82)
Start Target: (94.89, 18.02)
End Target: (95.8, 21.23)
Start Distance: 81.63px
End Distance: 5.71px

--- DETAILED FRAME DATA ---
Frame | Laser Pos      | Target Pos     | Dist  | Dir Change | Progress
------|----------------|----------------|-------|------------|----------
    0 | (112.25, 97.28) | (94.89, 18.02) |  81.6 | 13.469 |   +0.00
    1 | (119.75, 93.65) | (95.0, 18.42)  |  80.7 | 13.542 |   -0.92
    2 | (126.24, 88.42) | (95.12, 18.82) |  78.8 | 13.698 |   -1.94
    3 | (131.35, 81.84) | (95.23, 19.22) |  75.8 | 13.934 |   -2.95
    4 | (134.76, 74.24) | (95.34, 19.62) |  71.9 | 14.250 |   -3.95
  ... (middle frames omitted) ...
    9 | (121.7, 37.73) | (95.8, 21.23)  |  39.0 | 16.880 |   -7.86
   10 | (114.68, 33.25) | (95.8, 21.23)  |  30.7 | 17.543 |   -8.29
   11 | (107.65, 28.77) | (95.8, 21.23)  |  22.4 | 18.210 |   -8.33
   12 | (100.62, 24.3) | (95.8, 21.23)  |  14.1 | 18.876 |   -8.33
   13 | (93.59, 19.82) | (95.8, 21.23)  |   5.7 | 19.543 |   -8.33


=== LASER ANALYSIS [19:31:48.851] ===
Target Enemy ID: 1
End Reason: TIMEOUT
Details: Laser became inactive - Min distance: 5.71
Total Frames: 14
Minimum Distance Achieved: 5.71px
Hit Threshold: 12px
Collision Threshold: 4px
Average Distance Change (last 5 frames): -8.229px
Frames with No Progress: 0
Start Position: (112.25, 97.28)
End Position: (93.59, 19.82)
Start Target: (94.89, 18.02)
End Target: (95.8, 21.23)
Start Distance: 81.63px
End Distance: 5.71px

*** ANALYSIS ***
- Got close (5.71px) but failed to hit
- Possible threshold issue or collision detection problem

--- DETAILED FRAME DATA ---
Frame | Laser Pos      | Target Pos     | Dist  | Dir Change | Progress
------|----------------|----------------|-------|------------|----------
    0 | (112.25, 97.28) | (94.89, 18.02) |  81.6 | 13.469 |   +0.00
    1 | (119.75, 93.65) | (95.0, 18.42)  |  80.7 | 13.542 |   -0.92
    2 | (126.24, 88.42) | (95.12, 18.82) |  78.8 | 13.698 |   -1.94
    3 | (131.35, 81.84) | (95.23, 19.22) |  75.8 | 13.934 |   -2.95
    4 | (134.76, 74.24) | (95.34, 19.62) |  71.9 | 14.250 |   -3.95
  ... (middle frames omitted) ...
    9 | (121.7, 37.73) | (95.8, 21.23)  |  39.0 | 16.880 |   -7.86
   10 | (114.68, 33.25) | (95.8, 21.23)  |  30.7 | 17.543 |   -8.29
   11 | (107.65, 28.77) | (95.8, 21.23)  |  22.4 | 18.210 |   -8.33
   12 | (100.62, 24.3) | (95.8, 21.23)  |  14.1 | 18.876 |   -8.33
   13 | (93.59, 19.82) | (95.8, 21.23)  |   5.7 | 19.543 |   -8.33


=== LASER ANALYSIS [19:31:53.369] ===
Target Enemy ID: 0
End Reason: COLLISION_HIT
Details: Rect collision - Distance: 7.42, Laser: (98.10,49.03), Enemy: (100.44,48.89)
Total Frames: 17
Minimum Distance Achieved: 15.76px
Hit Threshold: 12px
Collision Threshold: 4px
Average Distance Change (last 5 frames): -7.482px
Frames with No Progress: 0
Start Position: (52.19, 98.75)
End Position: (98.1, 49.03)
Start Target: (97.82, 52.1)
End Target: (104.44, 52.89)
Start Distance: 61.52px
End Distance: 15.76px

--- DETAILED FRAME DATA ---
Frame | Laser Pos      | Target Pos     | Dist  | Dir Change | Progress
------|----------------|----------------|-------|------------|----------
    0 | (52.19, 98.75) | (97.82, 52.1)  |  61.5 | 15.078 |   +0.00
    1 | (44.86, 94.77) | (98.23, 52.15) |  65.5 | 14.759 |   +3.99
    2 | (38.71, 89.16) | (98.65, 52.2)  |  68.6 | 14.512 |   +3.08
    3 | (34.05, 82.25) | (99.06, 52.24) |  70.8 | 14.340 |   +2.15
    4 | (31.15, 74.43) | (99.48, 52.29) |  72.0 | 14.244 |   +1.21
  ... (middle frames omitted) ...
   12 | (69.05, 32.95) | (102.79, 52.69) |  46.7 | 16.264 |   -6.46
   13 | (76.87, 35.82) | (103.2, 52.74) |  39.5 | 16.843 |   -7.24
   14 | (83.91, 40.29) | (103.61, 52.79) |  31.7 | 17.467 |   -7.80
   15 | (90.98, 44.7)  | (104.03, 52.84) |  23.7 | 18.103 |   -7.96
   16 | (98.1, 49.03)  | (104.44, 52.89) |  15.8 | 18.739 |   -7.96


=== LASER ANALYSIS [19:31:53.370] ===
Target Enemy ID: 0
End Reason: TIMEOUT
Details: Laser became inactive - Min distance: 15.76
Total Frames: 17
Minimum Distance Achieved: 15.76px
Hit Threshold: 12px
Collision Threshold: 4px
Average Distance Change (last 5 frames): -7.482px
Frames with No Progress: 0
Start Position: (52.19, 98.75)
End Position: (98.1, 49.03)
Start Target: (97.82, 52.1)
End Target: (104.44, 52.89)
Start Distance: 61.52px
End Distance: 15.76px

*** ANALYSIS ***
- Got close (15.76px) but failed to hit
- Possible threshold issue or collision detection problem

--- DETAILED FRAME DATA ---
Frame | Laser Pos      | Target Pos     | Dist  | Dir Change | Progress
------|----------------|----------------|-------|------------|----------
    0 | (52.19, 98.75) | (97.82, 52.1)  |  61.5 | 15.078 |   +0.00
    1 | (44.86, 94.77) | (98.23, 52.15) |  65.5 | 14.759 |   +3.99
    2 | (38.71, 89.16) | (98.65, 52.2)  |  68.6 | 14.512 |   +3.08
    3 | (34.05, 82.25) | (99.06, 52.24) |  70.8 | 14.340 |   +2.15
    4 | (31.15, 74.43) | (99.48, 52.29) |  72.0 | 14.244 |   +1.21
  ... (middle frames omitted) ...
   12 | (69.05, 32.95) | (102.79, 52.69) |  46.7 | 16.264 |   -6.46
   13 | (76.87, 35.82) | (103.2, 52.74) |  39.5 | 16.843 |   -7.24
   14 | (83.91, 40.29) | (103.61, 52.79) |  31.7 | 17.467 |   -7.80
   15 | (90.98, 44.7)  | (104.03, 52.84) |  23.7 | 18.103 |   -7.96
   16 | (98.1, 49.03)  | (104.44, 52.89) |  15.8 | 18.739 |   -7.96


=== LASER ANALYSIS [19:31:53.404] ===
Target Enemy ID: 0
End Reason: HIT
Details: Distance: 8.26 < threshold: 12
Total Frames: 19
Minimum Distance Achieved: 8.26px
Hit Threshold: 12px
Collision Threshold: 4px
Average Distance Change (last 5 frames): -8.109px
Frames with No Progress: 0
Start Position: (46.44, 98.04)
End Position: (104.09, 52.88)
Start Target: (97.82, 52.1)
End Target: (104.03, 52.84)
Start Distance: 64.63px
End Distance: 8.26px

--- DETAILED FRAME DATA ---
Frame | Laser Pos      | Target Pos     | Dist  | Dir Change | Progress
------|----------------|----------------|-------|------------|----------
    0 | (46.44, 98.04) | (97.82, 52.1)  |  64.6 | 14.830 |   +0.00
    1 | (39.08, 94.13) | (98.23, 52.15) |  69.2 | 14.464 |   +4.57
    2 | (32.84, 88.6)  | (98.65, 52.2)  |  72.8 | 14.172 |   +3.65
    3 | (28.04, 81.79) | (99.06, 52.24) |  75.5 | 13.956 |   +2.70
    4 | (24.92, 74.06) | (99.48, 52.29) |  77.3 | 13.817 |   +1.74
  ... (middle frames omitted) ...
   14 | (75.72, 35.37) | (103.61, 52.79) |  41.2 | 16.703 |   -7.60
   15 | (82.82, 39.75) | (104.03, 52.84) |  33.3 | 17.339 |   -7.95
   16 | (89.91, 44.12) | (104.03, 52.84) |  24.9 | 18.006 |   -8.33
   17 | (97.0, 48.5)   | (104.03, 52.84) |  16.6 | 18.673 |   -8.33
   18 | (104.09, 52.88) | (104.03, 52.84) |   8.3 | 19.339 |   -8.33


=== LASER ANALYSIS [19:31:53.405] ===
Target Enemy ID: 0
End Reason: HIT
Details: Distance: 11.99 < threshold: 12
Total Frames: 19
Minimum Distance Achieved: 11.99px
Hit Threshold: 12px
Collision Threshold: 4px
Average Distance Change (last 5 frames): -8.106px
Frames with No Progress: 0
Start Position: (43.97, 101.45)
End Position: (100.77, 51.17)
Start Target: (97.82, 52.1)
End Target: (104.03, 52.84)
Start Distance: 68.78px
End Distance: 11.99px

--- DETAILED FRAME DATA ---
Frame | Laser Pos      | Target Pos     | Dist  | Dir Change | Progress
------|----------------|----------------|-------|------------|----------
    0 | (43.97, 101.45) | (97.82, 52.1)  |  68.8 | 14.498 |   +0.00
    1 | (36.56, 97.62) | (98.23, 52.15) |  73.3 | 14.134 |   +4.54
    2 | (30.23, 92.2)  | (98.65, 52.2)  |  76.9 | 13.846 |   +3.61
    3 | (25.29, 85.5)  | (99.06, 52.24) |  79.6 | 13.633 |   +2.66
    4 | (21.96, 77.85) | (99.48, 52.29) |  81.3 | 13.498 |   +1.69
  ... (middle frames omitted) ...
   14 | (71.11, 35.95) | (103.61, 52.79) |  44.9 | 16.406 |   -7.60
   15 | (78.53, 39.75) | (104.03, 52.84) |  37.0 | 17.041 |   -7.94
   16 | (85.94, 43.56) | (104.03, 52.84) |  28.7 | 17.707 |   -8.33
   17 | (93.36, 47.36) | (104.03, 52.84) |  20.3 | 18.374 |   -8.33
   18 | (100.77, 51.17) | (104.03, 52.84) |  12.0 | 19.041 |   -8.33


=== LASER ANALYSIS [19:31:53.406] ===
Target Enemy ID: 0
End Reason: TIMEOUT
Details: Laser became inactive - Min distance: 8.26
Total Frames: 19
Minimum Distance Achieved: 8.26px
Hit Threshold: 12px
Collision Threshold: 4px
Average Distance Change (last 5 frames): -8.109px
Frames with No Progress: 0
Start Position: (46.44, 98.04)
End Position: (104.09, 52.88)
Start Target: (97.82, 52.1)
End Target: (104.03, 52.84)
Start Distance: 64.63px
End Distance: 8.26px

*** ANALYSIS ***
- Got close (8.26px) but failed to hit
- Possible threshold issue or collision detection problem

--- DETAILED FRAME DATA ---
Frame | Laser Pos      | Target Pos     | Dist  | Dir Change | Progress
------|----------------|----------------|-------|------------|----------
    0 | (46.44, 98.04) | (97.82, 52.1)  |  64.6 | 14.830 |   +0.00
    1 | (39.08, 94.13) | (98.23, 52.15) |  69.2 | 14.464 |   +4.57
    2 | (32.84, 88.6)  | (98.65, 52.2)  |  72.8 | 14.172 |   +3.65
    3 | (28.04, 81.79) | (99.06, 52.24) |  75.5 | 13.956 |   +2.70
    4 | (24.92, 74.06) | (99.48, 52.29) |  77.3 | 13.817 |   +1.74
  ... (middle frames omitted) ...
   14 | (75.72, 35.37) | (103.61, 52.79) |  41.2 | 16.703 |   -7.60
   15 | (82.82, 39.75) | (104.03, 52.84) |  33.3 | 17.339 |   -7.95
   16 | (89.91, 44.12) | (104.03, 52.84) |  24.9 | 18.006 |   -8.33
   17 | (97.0, 48.5)   | (104.03, 52.84) |  16.6 | 18.673 |   -8.33
   18 | (104.09, 52.88) | (104.03, 52.84) |   8.3 | 19.339 |   -8.33


=== LASER ANALYSIS [19:31:53.407] ===
Target Enemy ID: 0
End Reason: TIMEOUT
Details: Laser became inactive - Min distance: 11.99
Total Frames: 19
Minimum Distance Achieved: 11.99px
Hit Threshold: 12px
Collision Threshold: 4px
Average Distance Change (last 5 frames): -8.106px
Frames with No Progress: 0
Start Position: (43.97, 101.45)
End Position: (100.77, 51.17)
Start Target: (97.82, 52.1)
End Target: (104.03, 52.84)
Start Distance: 68.78px
End Distance: 11.99px

*** ANALYSIS ***
- Got close (11.99px) but failed to hit
- Possible threshold issue or collision detection problem

--- DETAILED FRAME DATA ---
Frame | Laser Pos      | Target Pos     | Dist  | Dir Change | Progress
------|----------------|----------------|-------|------------|----------
    0 | (43.97, 101.45) | (97.82, 52.1)  |  68.8 | 14.498 |   +0.00
    1 | (36.56, 97.62) | (98.23, 52.15) |  73.3 | 14.134 |   +4.54
    2 | (30.23, 92.2)  | (98.65, 52.2)  |  76.9 | 13.846 |   +3.61
    3 | (25.29, 85.5)  | (99.06, 52.24) |  79.6 | 13.633 |   +2.66
    4 | (21.96, 77.85) | (99.48, 52.29) |  81.3 | 13.498 |   +1.69
  ... (middle frames omitted) ...
   14 | (71.11, 35.95) | (103.61, 52.79) |  44.9 | 16.406 |   -7.60
   15 | (78.53, 39.75) | (104.03, 52.84) |  37.0 | 17.041 |   -7.94
   16 | (85.94, 43.56) | (104.03, 52.84) |  28.7 | 17.707 |   -8.33
   17 | (93.36, 47.36) | (104.03, 52.84) |  20.3 | 18.374 |   -8.33
   18 | (100.77, 51.17) | (104.03, 52.84) |  12.0 | 19.041 |   -8.33


=== LASER ANALYSIS [19:31:55.683] ===
Target Enemy ID: 2
End Reason: HIT
Details: Distance: 9.29 < threshold: 12
Total Frames: 14
Minimum Distance Achieved: 9.29px
Hit Threshold: 12px
Collision Threshold: 4px
Average Distance Change (last 5 frames): -7.258px
Frames with No Progress: 0
Start Position: (45.65, 102.68)
End Position: (76.05, 45.13)
Start Target: (73.1, 49.07)
End Target: (76.99, 45.3)
Start Distance: 58.99px
End Distance: 9.29px

--- DETAILED FRAME DATA ---
Frame | Laser Pos      | Target Pos     | Dist  | Dir Change | Progress
------|----------------|----------------|-------|------------|----------
    0 | (45.65, 102.68) | (73.1, 49.07)  |  59.0 | 15.281 |   +0.00
    1 | (38.36, 98.63) | (73.4, 48.78)  |  60.6 | 15.150 |   +1.64
    2 | (32.31, 92.9)  | (73.7, 48.49)  |  61.4 | 15.092 |   +0.72
    3 | (27.89, 85.84) | (74.0, 48.2)   |  61.1 | 15.110 |   -0.22
    4 | (25.37, 77.89) | (74.3, 47.91)  |  59.9 | 15.205 |   -1.18
  ... (middle frames omitted) ...
    9 | (43.31, 43.61) | (75.79, 46.46) |  39.6 | 16.828 |   -5.93
   10 | (51.38, 41.53) | (76.09, 46.17) |  32.9 | 17.369 |   -6.77
   11 | (59.7, 41.92)  | (76.39, 45.88) |  25.4 | 17.969 |   -7.49
   12 | (67.85, 43.68) | (76.69, 45.59) |  17.4 | 18.609 |   -8.01
   13 | (76.05, 45.13) | (76.99, 45.3)  |   9.3 | 19.257 |   -8.10


=== LASER ANALYSIS [19:31:55.684] ===
Target Enemy ID: 2
End Reason: TIMEOUT
Details: Laser became inactive - Min distance: 9.29
Total Frames: 14
Minimum Distance Achieved: 9.29px
Hit Threshold: 12px
Collision Threshold: 4px
Average Distance Change (last 5 frames): -7.258px
Frames with No Progress: 0
Start Position: (45.65, 102.68)
End Position: (76.05, 45.13)
Start Target: (73.1, 49.07)
End Target: (76.99, 45.3)
Start Distance: 58.99px
End Distance: 9.29px

*** ANALYSIS ***
- Got close (9.29px) but failed to hit
- Possible threshold issue or collision detection problem

--- DETAILED FRAME DATA ---
Frame | Laser Pos      | Target Pos     | Dist  | Dir Change | Progress
------|----------------|----------------|-------|------------|----------
    0 | (45.65, 102.68) | (73.1, 49.07)  |  59.0 | 15.281 |   +0.00
    1 | (38.36, 98.63) | (73.4, 48.78)  |  60.6 | 15.150 |   +1.64
    2 | (32.31, 92.9)  | (73.7, 48.49)  |  61.4 | 15.092 |   +0.72
    3 | (27.89, 85.84) | (74.0, 48.2)   |  61.1 | 15.110 |   -0.22
    4 | (25.37, 77.89) | (74.3, 47.91)  |  59.9 | 15.205 |   -1.18
  ... (middle frames omitted) ...
    9 | (43.31, 43.61) | (75.79, 46.46) |  39.6 | 16.828 |   -5.93
   10 | (51.38, 41.53) | (76.09, 46.17) |  32.9 | 17.369 |   -6.77
   11 | (59.7, 41.92)  | (76.39, 45.88) |  25.4 | 17.969 |   -7.49
   12 | (67.85, 43.68) | (76.69, 45.59) |  17.4 | 18.609 |   -8.01
   13 | (76.05, 45.13) | (76.99, 45.3)  |   9.3 | 19.257 |   -8.10


=== LASER ANALYSIS [19:31:55.701] ===
Target Enemy ID: 2
End Reason: HIT
Details: Distance: 8.99 < threshold: 12
Total Frames: 15
Minimum Distance Achieved: 8.99px
Hit Threshold: 12px
Collision Threshold: 4px
Average Distance Change (last 5 frames): -7.567px
Frames with No Progress: 0
Start Position: (40.25, 103.32)
End Position: (76.65, 44.91)
Start Target: (73.1, 49.07)
End Target: (77.29, 45.01)
Start Distance: 61.54px
End Distance: 8.99px

--- DETAILED FRAME DATA ---
Frame | Laser Pos      | Target Pos     | Dist  | Dir Change | Progress
------|----------------|----------------|-------|------------|----------
    0 | (40.25, 103.32) | (73.1, 49.07)  |  61.5 | 15.077 |   +0.00
    1 | (32.94, 99.33) | (73.4, 48.78)  |  63.8 | 14.894 |   +2.29
    2 | (26.82, 93.67) | (73.7, 48.49)  |  65.2 | 14.787 |   +1.34
    3 | (22.26, 86.7)  | (74.0, 48.2)   |  65.5 | 14.758 |   +0.36
    4 | (19.54, 78.82) | (74.3, 47.91)  |  64.9 | 14.807 |   -0.62
  ... (middle frames omitted) ...
   10 | (43.72, 40.81) | (76.09, 46.17) |  40.3 | 16.773 |   -6.48
   11 | (52.05, 40.47) | (76.39, 45.88) |  33.1 | 17.355 |   -7.28
   12 | (60.21, 42.17) | (76.69, 45.59) |  25.2 | 17.987 |   -7.89
   13 | (68.4, 43.69)  | (76.99, 45.3)  |  17.1 | 18.634 |   -8.10
   14 | (76.65, 44.91) | (77.29, 45.01) |   9.0 | 19.281 |   -8.09


=== LASER ANALYSIS [19:31:55.703] ===
Target Enemy ID: 2
End Reason: TIMEOUT
Details: Laser became inactive - Min distance: 8.99
Total Frames: 15
Minimum Distance Achieved: 8.99px
Hit Threshold: 12px
Collision Threshold: 4px
Average Distance Change (last 5 frames): -7.567px
Frames with No Progress: 0
Start Position: (40.25, 103.32)
End Position: (76.65, 44.91)
Start Target: (73.1, 49.07)
End Target: (77.29, 45.01)
Start Distance: 61.54px
End Distance: 8.99px

*** ANALYSIS ***
- Got close (8.99px) but failed to hit
- Possible threshold issue or collision detection problem

--- DETAILED FRAME DATA ---
Frame | Laser Pos      | Target Pos     | Dist  | Dir Change | Progress
------|----------------|----------------|-------|------------|----------
    0 | (40.25, 103.32) | (73.1, 49.07)  |  61.5 | 15.077 |   +0.00
    1 | (32.94, 99.33) | (73.4, 48.78)  |  63.8 | 14.894 |   +2.29
    2 | (26.82, 93.67) | (73.7, 48.49)  |  65.2 | 14.787 |   +1.34
    3 | (22.26, 86.7)  | (74.0, 48.2)   |  65.5 | 14.758 |   +0.36
    4 | (19.54, 78.82) | (74.3, 47.91)  |  64.9 | 14.807 |   -0.62
  ... (middle frames omitted) ...
   10 | (43.72, 40.81) | (76.09, 46.17) |  40.3 | 16.773 |   -6.48
   11 | (52.05, 40.47) | (76.39, 45.88) |  33.1 | 17.355 |   -7.28
   12 | (60.21, 42.17) | (76.69, 45.59) |  25.2 | 17.987 |   -7.89
   13 | (68.4, 43.69)  | (76.99, 45.3)  |  17.1 | 18.634 |   -8.10
   14 | (76.65, 44.91) | (77.29, 45.01) |   9.0 | 19.281 |   -8.09


=== LASER ANALYSIS [19:31:55.735] ===
Target Enemy ID: 2
End Reason: HIT
Details: Distance: 9.32 < threshold: 12
Total Frames: 17
Minimum Distance Achieved: 9.32px
Hit Threshold: 12px
Collision Threshold: 4px
Average Distance Change (last 5 frames): -7.910px
Frames with No Progress: 0
Start Position: (28.84, 98.6)
End Position: (76.95, 44.15)
Start Target: (73.1, 49.07)
End Target: (77.89, 44.43)
Start Distance: 63.01px
End Distance: 9.32px

--- DETAILED FRAME DATA ---
Frame | Laser Pos      | Target Pos     | Dist  | Dir Change | Progress
------|----------------|----------------|-------|------------|----------
    0 | (28.84, 98.6)  | (73.1, 49.07)  |  63.0 | 14.959 |   +0.00
    1 | (21.5, 94.65)  | (73.4, 48.78)  |  66.8 | 14.653 |   +3.83
    2 | (15.31, 89.07) | (73.7, 48.49)  |  69.7 | 14.425 |   +2.84
    3 | (10.62, 82.19) | (74.0, 48.2)   |  71.5 | 14.279 |   +1.83
    4 | (7.67, 74.39)  | (74.3, 47.91)  |  72.3 | 14.214 |   +0.81
  ... (middle frames omitted) ...
   12 | (45.47, 33.23) | (76.69, 45.59) |  41.6 | 16.669 |   -7.23
   13 | (53.25, 36.21) | (76.99, 45.3)  |  33.8 | 17.299 |   -7.89
   14 | (61.07, 39.07) | (77.29, 45.01) |  25.6 | 17.952 |   -8.15
   15 | (68.96, 41.77) | (77.59, 44.72) |  17.4 | 18.604 |   -8.15
   16 | (76.95, 44.15) | (77.89, 44.43) |   9.3 | 19.255 |   -8.14


=== LASER ANALYSIS [19:31:55.735] ===
Target Enemy ID: 2
End Reason: TIMEOUT
Details: Laser became inactive - Min distance: 9.32
Total Frames: 17
Minimum Distance Achieved: 9.32px
Hit Threshold: 12px
Collision Threshold: 4px
Average Distance Change (last 5 frames): -7.910px
Frames with No Progress: 0
Start Position: (28.84, 98.6)
End Position: (76.95, 44.15)
Start Target: (73.1, 49.07)
End Target: (77.89, 44.43)
Start Distance: 63.01px
End Distance: 9.32px

*** ANALYSIS ***
- Got close (9.32px) but failed to hit
- Possible threshold issue or collision detection problem

--- DETAILED FRAME DATA ---
Frame | Laser Pos      | Target Pos     | Dist  | Dir Change | Progress
------|----------------|----------------|-------|------------|----------
    0 | (28.84, 98.6)  | (73.1, 49.07)  |  63.0 | 14.959 |   +0.00
    1 | (21.5, 94.65)  | (73.4, 48.78)  |  66.8 | 14.653 |   +3.83
    2 | (15.31, 89.07) | (73.7, 48.49)  |  69.7 | 14.425 |   +2.84
    3 | (10.62, 82.19) | (74.0, 48.2)   |  71.5 | 14.279 |   +1.83
    4 | (7.67, 74.39)  | (74.3, 47.91)  |  72.3 | 14.214 |   +0.81
  ... (middle frames omitted) ...
   12 | (45.47, 33.23) | (76.69, 45.59) |  41.6 | 16.669 |   -7.23
   13 | (53.25, 36.21) | (76.99, 45.3)  |  33.8 | 17.299 |   -7.89
   14 | (61.07, 39.07) | (77.29, 45.01) |  25.6 | 17.952 |   -8.15
   15 | (68.96, 41.77) | (77.59, 44.72) |  17.4 | 18.604 |   -8.15
   16 | (76.95, 44.15) | (77.89, 44.43) |   9.3 | 19.255 |   -8.14


=== LASER ANALYSIS [19:35:29.811] ===
Target Enemy ID: 1
End Reason: COLLISION_HIT
Details: RECT collision - Distance: 8.97, Threshold: 7.00, Laser: (39.59,13.00), Enemy: (40.50,1.49)
Total Frames: 14
Minimum Distance Achieved: 17.30px
Hit Threshold: 12px
Collision Threshold: 8px
Average Distance Change (last 5 frames): -8.008px
Frames with No Progress: 0
Start Position: (36.37, 101.22)
End Position: (39.59, 13.0)
Start Target: (45.17, 10.87)
End Target: (44.5, 5.49)
Start Distance: 92.10px
End Distance: 17.30px

--- DETAILED FRAME DATA ---
Frame | Laser Pos      | Target Pos     | Dist  | Dir Change | Progress
------|----------------|----------------|-------|------------|----------
    0 | (36.37, 101.22) | (45.17, 10.87) |  92.1 | 12.632 |   +0.00
    1 | (28.77, 97.81) | (45.12, 10.45) |  91.2 | 12.705 |   -0.91
    2 | (22.07, 92.85) | (45.07, 10.04) |  89.3 | 12.859 |   -1.92
    3 | (16.6, 86.56)  | (45.02, 9.63)  |  86.3 | 13.094 |   -2.94
    4 | (12.66, 79.22) | (44.97, 9.21)  |  82.4 | 13.409 |   -3.94
  ... (middle frames omitted) ...
    9 | (20.82, 40.54) | (44.71, 7.15)  |  49.4 | 16.049 |   -7.95
   10 | (25.62, 33.73) | (44.65, 6.73)  |  41.4 | 16.691 |   -8.03
   11 | (30.37, 26.88) | (44.6, 6.32)   |  33.3 | 17.333 |   -8.02
   12 | (35.04, 19.98) | (44.55, 5.91)  |  25.3 | 17.974 |   -8.02
   13 | (39.59, 13.0)  | (44.5, 5.49)   |  17.3 | 18.616 |   -8.02


=== LASER ANALYSIS [19:35:29.811] ===
Target Enemy ID: 1
End Reason: TIMEOUT
Details: Laser became inactive - Min distance: 17.30
Total Frames: 14
Minimum Distance Achieved: 17.30px
Hit Threshold: 12px
Collision Threshold: 8px
Average Distance Change (last 5 frames): -8.008px
Frames with No Progress: 0
Start Position: (36.37, 101.22)
End Position: (39.59, 13.0)
Start Target: (45.17, 10.87)
End Target: (44.5, 5.49)
Start Distance: 92.10px
End Distance: 17.30px

*** ANALYSIS ***
- Got close (17.30px) but failed to hit
- Possible threshold issue or collision detection problem

--- DETAILED FRAME DATA ---
Frame | Laser Pos      | Target Pos     | Dist  | Dir Change | Progress
------|----------------|----------------|-------|------------|----------
    0 | (36.37, 101.22) | (45.17, 10.87) |  92.1 | 12.632 |   +0.00
    1 | (28.77, 97.81) | (45.12, 10.45) |  91.2 | 12.705 |   -0.91
    2 | (22.07, 92.85) | (45.07, 10.04) |  89.3 | 12.859 |   -1.92
    3 | (16.6, 86.56)  | (45.02, 9.63)  |  86.3 | 13.094 |   -2.94
    4 | (12.66, 79.22) | (44.97, 9.21)  |  82.4 | 13.409 |   -3.94
  ... (middle frames omitted) ...
    9 | (20.82, 40.54) | (44.71, 7.15)  |  49.4 | 16.049 |   -7.95
   10 | (25.62, 33.73) | (44.65, 6.73)  |  41.4 | 16.691 |   -8.03
   11 | (30.37, 26.88) | (44.6, 6.32)   |  33.3 | 17.333 |   -8.02
   12 | (35.04, 19.98) | (44.55, 5.91)  |  25.3 | 17.974 |   -8.02
   13 | (39.59, 13.0)  | (44.5, 5.49)   |  17.3 | 18.616 |   -8.02


=== LASER ANALYSIS [19:35:29.863] ===
Target Enemy ID: 1
End Reason: HIT
Details: Distance: 9.43 < threshold: 12
Total Frames: 17
Minimum Distance Achieved: 9.43px
Hit Threshold: 12px
Collision Threshold: 8px
Average Distance Change (last 5 frames): -8.194px
Frames with No Progress: 0
Start Position: (41.96, 118.58)
End Position: (44.02, 6.48)
Start Target: (45.17, 10.87)
End Target: (44.5, 5.49)
Start Distance: 109.38px
End Distance: 9.43px

--- DETAILED FRAME DATA ---
Frame | Laser Pos      | Target Pos     | Dist  | Dir Change | Progress
------|----------------|----------------|-------|------------|----------
    0 | (41.96, 118.58) | (45.17, 10.87) | 109.4 | 11.249 |   +0.00
    1 | (34.21, 115.52) | (45.12, 10.45) | 108.2 | 11.346 |   -1.21
    2 | (27.19, 111.03) | (45.07, 10.04) | 106.0 | 11.517 |   -2.14
    3 | (21.18, 105.26) | (45.02, 9.63)  | 103.0 | 11.763 |   -3.08
    4 | (16.44, 98.41) | (44.97, 9.21)  |  99.0 | 12.084 |   -4.01
  ... (middle frames omitted) ...
   12 | (29.4, 36.44)  | (44.55, 5.91)  |  42.4 | 16.607 |   -7.99
   13 | (33.06, 28.95) | (44.5, 5.49)   |  34.4 | 17.245 |   -7.99
   14 | (36.71, 21.46) | (44.5, 5.49)   |  26.1 | 17.912 |   -8.33
   15 | (40.36, 13.97) | (44.5, 5.49)   |  17.8 | 18.579 |   -8.33
   16 | (44.02, 6.48)  | (44.5, 5.49)   |   9.4 | 19.245 |   -8.33


=== LASER ANALYSIS [19:35:29.864] ===
Target Enemy ID: 1
End Reason: TIMEOUT
Details: Laser became inactive - Min distance: 9.43
Total Frames: 17
Minimum Distance Achieved: 9.43px
Hit Threshold: 12px
Collision Threshold: 8px
Average Distance Change (last 5 frames): -8.194px
Frames with No Progress: 0
Start Position: (41.96, 118.58)
End Position: (44.02, 6.48)
Start Target: (45.17, 10.87)
End Target: (44.5, 5.49)
Start Distance: 109.38px
End Distance: 9.43px

*** ANALYSIS ***
- Got close (9.43px) but failed to hit
- Possible threshold issue or collision detection problem

--- DETAILED FRAME DATA ---
Frame | Laser Pos      | Target Pos     | Dist  | Dir Change | Progress
------|----------------|----------------|-------|------------|----------
    0 | (41.96, 118.58) | (45.17, 10.87) | 109.4 | 11.249 |   +0.00
    1 | (34.21, 115.52) | (45.12, 10.45) | 108.2 | 11.346 |   -1.21
    2 | (27.19, 111.03) | (45.07, 10.04) | 106.0 | 11.517 |   -2.14
    3 | (21.18, 105.26) | (45.02, 9.63)  | 103.0 | 11.763 |   -3.08
    4 | (16.44, 98.41) | (44.97, 9.21)  |  99.0 | 12.084 |   -4.01
  ... (middle frames omitted) ...
   12 | (29.4, 36.44)  | (44.55, 5.91)  |  42.4 | 16.607 |   -7.99
   13 | (33.06, 28.95) | (44.5, 5.49)   |  34.4 | 17.245 |   -7.99
   14 | (36.71, 21.46) | (44.5, 5.49)   |  26.1 | 17.912 |   -8.33
   15 | (40.36, 13.97) | (44.5, 5.49)   |  17.8 | 18.579 |   -8.33
   16 | (44.02, 6.48)  | (44.5, 5.49)   |   9.4 | 19.245 |   -8.33


=== LASER ANALYSIS [19:35:32.429] ===
Target Enemy ID: 0
End Reason: COLLISION_HIT
Details: RECT collision - Distance: 7.60, Threshold: 7.00, Laser: (95.71,48.71), Enemy: (98.85,47.31)
Total Frames: 19
Minimum Distance Achieved: 15.93px
Hit Threshold: 12px
Collision Threshold: 8px
Average Distance Change (last 5 frames): -7.899px
Frames with No Progress: 0
Start Position: (39.61, 104.88)
End Position: (95.71, 48.71)
Start Target: (95.37, 51.87)
End Target: (102.85, 51.31)
Start Distance: 72.74px
End Distance: 15.93px

--- DETAILED FRAME DATA ---
Frame | Laser Pos      | Target Pos     | Dist  | Dir Change | Progress
------|----------------|----------------|-------|------------|----------
    0 | (39.61, 104.88) | (95.37, 51.87) |  72.7 | 14.180 |   +0.00
    1 | (32.17, 101.13) | (95.78, 51.84) |  77.3 | 13.819 |   +4.51
    2 | (25.75, 95.81) | (96.2, 51.81)  |  80.8 | 13.534 |   +3.57
    3 | (20.67, 89.21) | (96.61, 51.78) |  83.4 | 13.326 |   +2.60
    4 | (17.14, 81.66) | (97.03, 51.75) |  85.1 | 13.195 |   +1.63
  ... (middle frames omitted) ...
   14 | (64.55, 36.89) | (101.18, 51.44) |  47.8 | 16.180 |   -7.67
   15 | (72.3, 39.93)  | (101.6, 51.41) |  39.8 | 16.816 |   -7.96
   16 | (80.08, 42.93) | (102.02, 51.38) |  31.8 | 17.453 |   -7.96
   17 | (87.88, 45.86) | (102.43, 51.34) |  23.9 | 18.089 |   -7.96
   18 | (95.71, 48.71) | (102.85, 51.31) |  15.9 | 18.726 |   -7.95


=== LASER ANALYSIS [19:35:32.429] ===
Target Enemy ID: 0
End Reason: TIMEOUT
Details: Laser became inactive - Min distance: 15.93
Total Frames: 19
Minimum Distance Achieved: 15.93px
Hit Threshold: 12px
Collision Threshold: 8px
Average Distance Change (last 5 frames): -7.899px
Frames with No Progress: 0
Start Position: (39.61, 104.88)
End Position: (95.71, 48.71)
Start Target: (95.37, 51.87)
End Target: (102.85, 51.31)
Start Distance: 72.74px
End Distance: 15.93px

*** ANALYSIS ***
- Got close (15.93px) but failed to hit
- Possible threshold issue or collision detection problem

--- DETAILED FRAME DATA ---
Frame | Laser Pos      | Target Pos     | Dist  | Dir Change | Progress
------|----------------|----------------|-------|------------|----------
    0 | (39.61, 104.88) | (95.37, 51.87) |  72.7 | 14.180 |   +0.00
    1 | (32.17, 101.13) | (95.78, 51.84) |  77.3 | 13.819 |   +4.51
    2 | (25.75, 95.81) | (96.2, 51.81)  |  80.8 | 13.534 |   +3.57
    3 | (20.67, 89.21) | (96.61, 51.78) |  83.4 | 13.326 |   +2.60
    4 | (17.14, 81.66) | (97.03, 51.75) |  85.1 | 13.195 |   +1.63
  ... (middle frames omitted) ...
   14 | (64.55, 36.89) | (101.18, 51.44) |  47.8 | 16.180 |   -7.67
   15 | (72.3, 39.93)  | (101.6, 51.41) |  39.8 | 16.816 |   -7.96
   16 | (80.08, 42.93) | (102.02, 51.38) |  31.8 | 17.453 |   -7.96
   17 | (87.88, 45.86) | (102.43, 51.34) |  23.9 | 18.089 |   -7.96
   18 | (95.71, 48.71) | (102.85, 51.31) |  15.9 | 18.726 |   -7.95


=== LASER ANALYSIS [19:35:32.446] ===
Target Enemy ID: 0
End Reason: HIT
Details: Distance: 6.76 < threshold: 12
Total Frames: 20
Minimum Distance Achieved: 6.76px
Hit Threshold: 12px
Collision Threshold: 8px
Average Distance Change (last 5 frames): -8.115px
Frames with No Progress: 0
Start Position: (39.93, 99.97)
End Position: (103.84, 52.04)
Start Target: (95.37, 51.87)
End Target: (102.43, 51.34)
Start Distance: 68.93px
End Distance: 6.76px

--- DETAILED FRAME DATA ---
Frame | Laser Pos      | Target Pos     | Dist  | Dir Change | Progress
------|----------------|----------------|-------|------------|----------
    0 | (39.93, 99.97) | (95.37, 51.87) |  68.9 | 14.486 |   +0.00
    1 | (32.52, 96.15) | (95.78, 51.84) |  73.7 | 14.101 |   +4.80
    2 | (26.18, 90.74) | (96.2, 51.81)  |  77.6 | 13.792 |   +3.86
    3 | (21.21, 84.05) | (96.61, 51.78) |  80.5 | 13.561 |   +2.90
    4 | (17.85, 76.42) | (97.03, 51.75) |  82.4 | 13.407 |   +1.92
  ... (middle frames omitted) ...
   15 | (73.98, 37.22) | (101.6, 51.41) |  39.4 | 16.849 |   -7.96
   16 | (81.42, 40.97) | (102.02, 51.38) |  31.4 | 17.488 |   -7.98
   17 | (88.9, 44.66)  | (102.43, 51.34) |  23.4 | 18.126 |   -7.98
   18 | (96.37, 48.35) | (102.43, 51.34) |  15.1 | 18.792 |   -8.33
   19 | (103.84, 52.04) | (102.43, 51.34) |   6.8 | 19.459 |   -8.33


=== LASER ANALYSIS [19:35:32.447] ===
Target Enemy ID: 0
End Reason: TIMEOUT
Details: Laser became inactive - Min distance: 6.76
Total Frames: 20
Minimum Distance Achieved: 6.76px
Hit Threshold: 12px
Collision Threshold: 8px
Average Distance Change (last 5 frames): -8.115px
Frames with No Progress: 0
Start Position: (39.93, 99.97)
End Position: (103.84, 52.04)
Start Target: (95.37, 51.87)
End Target: (102.43, 51.34)
Start Distance: 68.93px
End Distance: 6.76px

*** ANALYSIS ***
- Got close (6.76px) but failed to hit
- Possible threshold issue or collision detection problem

--- DETAILED FRAME DATA ---
Frame | Laser Pos      | Target Pos     | Dist  | Dir Change | Progress
------|----------------|----------------|-------|------------|----------
    0 | (39.93, 99.97) | (95.37, 51.87) |  68.9 | 14.486 |   +0.00
    1 | (32.52, 96.15) | (95.78, 51.84) |  73.7 | 14.101 |   +4.80
    2 | (26.18, 90.74) | (96.2, 51.81)  |  77.6 | 13.792 |   +3.86
    3 | (21.21, 84.05) | (96.61, 51.78) |  80.5 | 13.561 |   +2.90
    4 | (17.85, 76.42) | (97.03, 51.75) |  82.4 | 13.407 |   +1.92
  ... (middle frames omitted) ...
   15 | (73.98, 37.22) | (101.6, 51.41) |  39.4 | 16.849 |   -7.96
   16 | (81.42, 40.97) | (102.02, 51.38) |  31.4 | 17.488 |   -7.98
   17 | (88.9, 44.66)  | (102.43, 51.34) |  23.4 | 18.126 |   -7.98
   18 | (96.37, 48.35) | (102.43, 51.34) |  15.1 | 18.792 |   -8.33
   19 | (103.84, 52.04) | (102.43, 51.34) |   6.8 | 19.459 |   -8.33


=== LASER ANALYSIS [19:35:34.696] ===
Target Enemy ID: 3
End Reason: COLLISION_HIT
Details: RECT collision - Distance: 8.67, Threshold: 7.00, Laser: (35.03,36.67), Enemy: (38.60,28.46)
Total Frames: 10
Minimum Distance Achieved: 17.00px
Hit Threshold: 12px
Collision Threshold: 8px
Average Distance Change (last 5 frames): -6.756px
Frames with No Progress: 0
Start Position: (34.88, 94.49)
End Position: (35.03, 36.67)
Start Target: (44.52, 35.68)
End Target: (42.6, 32.46)
Start Distance: 60.91px
End Distance: 17.00px

--- DETAILED FRAME DATA ---
Frame | Laser Pos      | Target Pos     | Dist  | Dir Change | Progress
------|----------------|----------------|-------|------------|----------
    0 | (34.88, 94.49) | (44.52, 35.68) |  60.9 | 15.127 |   +0.00
    1 | (27.59, 90.45) | (44.31, 35.32) |  59.9 | 15.207 |   -1.00
    2 | (21.56, 84.7)  | (44.09, 34.96) |  57.9 | 15.369 |   -2.02
    3 | (17.22, 77.59) | (43.88, 34.6)  |  54.8 | 15.613 |   -3.05
    4 | (14.89, 69.59) | (43.67, 34.25) |  50.8 | 15.938 |   -4.06
    5 | (14.8, 61.26)  | (43.45, 33.89) |  45.7 | 16.342 |   -5.05
    6 | (17.02, 53.22) | (43.24, 33.53) |  39.7 | 16.822 |   -6.00
    7 | (21.43, 46.16) | (43.03, 33.17) |  32.8 | 17.372 |   -6.88
    8 | (27.74, 40.72) | (42.82, 32.81) |  25.2 | 17.984 |   -7.64
    9 | (35.03, 36.67) | (42.6, 32.46)  |  17.0 | 18.640 |   -8.20


=== LASER ANALYSIS [19:35:34.697] ===
Target Enemy ID: 3
End Reason: TIMEOUT
Details: Laser became inactive - Min distance: 17.00
Total Frames: 10
Minimum Distance Achieved: 17.00px
Hit Threshold: 12px
Collision Threshold: 8px
Average Distance Change (last 5 frames): -6.756px
Frames with No Progress: 0
Start Position: (34.88, 94.49)
End Position: (35.03, 36.67)
Start Target: (44.52, 35.68)
End Target: (42.6, 32.46)
Start Distance: 60.91px
End Distance: 17.00px

*** ANALYSIS ***
- Got close (17.00px) but failed to hit
- Possible threshold issue or collision detection problem

--- DETAILED FRAME DATA ---
Frame | Laser Pos      | Target Pos     | Dist  | Dir Change | Progress
------|----------------|----------------|-------|------------|----------
    0 | (34.88, 94.49) | (44.52, 35.68) |  60.9 | 15.127 |   +0.00
    1 | (27.59, 90.45) | (44.31, 35.32) |  59.9 | 15.207 |   -1.00
    2 | (21.56, 84.7)  | (44.09, 34.96) |  57.9 | 15.369 |   -2.02
    3 | (17.22, 77.59) | (43.88, 34.6)  |  54.8 | 15.613 |   -3.05
    4 | (14.89, 69.59) | (43.67, 34.25) |  50.8 | 15.938 |   -4.06
    5 | (14.8, 61.26)  | (43.45, 33.89) |  45.7 | 16.342 |   -5.05
    6 | (17.02, 53.22) | (43.24, 33.53) |  39.7 | 16.822 |   -6.00
    7 | (21.43, 46.16) | (43.03, 33.17) |  32.8 | 17.372 |   -6.88
    8 | (27.74, 40.72) | (42.82, 32.81) |  25.2 | 17.984 |   -7.64
    9 | (35.03, 36.67) | (42.6, 32.46)  |  17.0 | 18.640 |   -8.20


=== LASER ANALYSIS [19:35:36.324] ===
Target Enemy ID: 2
End Reason: COLLISION_HIT
Details: RECT collision - Distance: 12.89, Threshold: 7.00, Laser: (66.65,12.75), Enemy: (55.96,19.77)
Total Frames: 11
Minimum Distance Achieved: 18.44px
Hit Threshold: 12px
Collision Threshold: 8px
Average Distance Change (last 5 frames): -4.562px
Frames with No Progress: 0
Start Position: (78.85, 69.53)
End Position: (66.65, 12.75)
Start Target: (63.92, 22.45)
End Target: (59.96, 23.77)
Start Distance: 49.76px
End Distance: 18.44px

--- DETAILED FRAME DATA ---
Frame | Laser Pos      | Target Pos     | Dist  | Dir Change | Progress
------|----------------|----------------|-------|------------|----------
    0 | (78.85, 69.53) | (63.92, 22.45) |  49.8 | 16.019 |   +0.00
    1 | (86.02, 65.29) | (63.52, 22.58) |  49.4 | 16.049 |   -0.37
    2 | (91.8, 59.29)  | (63.13, 22.71) |  48.3 | 16.133 |   -1.05
    3 | (95.77, 51.96) | (62.73, 22.84) |  46.6 | 16.270 |   -1.72
    4 | (97.61, 43.83) | (62.34, 22.97) |  44.2 | 16.460 |   -2.37
  ... (middle frames omitted) ...
    6 | (94.36, 27.66) | (61.55, 23.24) |  37.6 | 16.988 |   -3.60
    7 | (89.47, 20.91) | (61.15, 23.37) |  33.5 | 17.321 |   -4.16
    8 | (82.82, 15.88) | (60.75, 23.5)  |  28.8 | 17.694 |   -4.66
    9 | (74.98, 13.06) | (60.36, 23.63) |  23.8 | 18.099 |   -5.07
   10 | (66.65, 12.75) | (59.96, 23.77) |  18.4 | 18.525 |   -5.32


=== LASER ANALYSIS [19:35:36.325] ===
Target Enemy ID: 2
End Reason: TIMEOUT
Details: Laser became inactive - Min distance: 18.44
Total Frames: 11
Minimum Distance Achieved: 18.44px
Hit Threshold: 12px
Collision Threshold: 8px
Average Distance Change (last 5 frames): -4.562px
Frames with No Progress: 0
Start Position: (78.85, 69.53)
End Position: (66.65, 12.75)
Start Target: (63.92, 22.45)
End Target: (59.96, 23.77)
Start Distance: 49.76px
End Distance: 18.44px

*** ANALYSIS ***

--- DETAILED FRAME DATA ---
Frame | Laser Pos      | Target Pos     | Dist  | Dir Change | Progress
------|----------------|----------------|-------|------------|----------
    0 | (78.85, 69.53) | (63.92, 22.45) |  49.8 | 16.019 |   +0.00
    1 | (86.02, 65.29) | (63.52, 22.58) |  49.4 | 16.049 |   -0.37
    2 | (91.8, 59.29)  | (63.13, 22.71) |  48.3 | 16.133 |   -1.05
    3 | (95.77, 51.96) | (62.73, 22.84) |  46.6 | 16.270 |   -1.72
    4 | (97.61, 43.83) | (62.34, 22.97) |  44.2 | 16.460 |   -2.37
  ... (middle frames omitted) ...
    6 | (94.36, 27.66) | (61.55, 23.24) |  37.6 | 16.988 |   -3.60
    7 | (89.47, 20.91) | (61.15, 23.37) |  33.5 | 17.321 |   -4.16
    8 | (82.82, 15.88) | (60.75, 23.5)  |  28.8 | 17.694 |   -4.66
    9 | (74.98, 13.06) | (60.36, 23.63) |  23.8 | 18.099 |   -5.07
   10 | (66.65, 12.75) | (59.96, 23.77) |  18.4 | 18.525 |   -5.32


=== LASER ANALYSIS [19:35:38.641] ===
Target Enemy ID: 4
End Reason: COLLISION_HIT
Details: RECT collision - Distance: 7.24, Threshold: 7.00, Laser: (71.99,9.64), Enemy: (60.87,6.95)
Total Frames: 13
Minimum Distance Achieved: 15.58px
Hit Threshold: 12px
Collision Threshold: 8px
Average Distance Change (last 5 frames): -7.436px
Frames with No Progress: 0
Start Position: (91.38, 70.19)
End Position: (71.99, 9.64)
Start Target: (60.07, 9.53)
End Target: (64.87, 10.95)
Start Distance: 66.83px
End Distance: 15.58px

--- DETAILED FRAME DATA ---
Frame | Laser Pos      | Target Pos     | Dist  | Dir Change | Progress
------|----------------|----------------|-------|------------|----------
    0 | (91.38, 70.19) | (60.07, 9.53)  |  66.8 | 14.654 |   +0.00
    1 | (98.74, 66.29) | (60.47, 9.65)  |  68.0 | 14.563 |   +1.14
    2 | (104.95, 60.73) | (60.87, 9.77)  |  68.0 | 14.558 |   +0.06
    3 | (109.64, 53.84) | (61.27, 9.89)  |  67.0 | 14.637 |   -1.00
    4 | (112.5, 46.01) | (61.67, 10.0)  |  65.0 | 14.802 |   -2.05
  ... (middle frames omitted) ...
    8 | (103.33, 15.46) | (63.27, 10.48) |  46.8 | 16.258 |   -5.97
    9 | (96.45, 10.75) | (63.67, 10.59) |  40.0 | 16.803 |   -6.82
   10 | (88.52, 8.2)   | (64.07, 10.71) |  32.4 | 17.409 |   -7.57
   11 | (80.19, 8.13)  | (64.47, 10.83) |  24.2 | 18.065 |   -8.19
   12 | (71.99, 9.64)  | (64.87, 10.95) |  15.6 | 18.754 |   -8.62


=== LASER ANALYSIS [19:35:38.642] ===
Target Enemy ID: 4
End Reason: TIMEOUT
Details: Laser became inactive - Min distance: 15.58
Total Frames: 13
Minimum Distance Achieved: 15.58px
Hit Threshold: 12px
Collision Threshold: 8px
Average Distance Change (last 5 frames): -7.436px
Frames with No Progress: 0
Start Position: (91.38, 70.19)
End Position: (71.99, 9.64)
Start Target: (60.07, 9.53)
End Target: (64.87, 10.95)
Start Distance: 66.83px
End Distance: 15.58px

*** ANALYSIS ***
- Got close (15.58px) but failed to hit
- Possible threshold issue or collision detection problem

--- DETAILED FRAME DATA ---
Frame | Laser Pos      | Target Pos     | Dist  | Dir Change | Progress
------|----------------|----------------|-------|------------|----------
    0 | (91.38, 70.19) | (60.07, 9.53)  |  66.8 | 14.654 |   +0.00
    1 | (98.74, 66.29) | (60.47, 9.65)  |  68.0 | 14.563 |   +1.14
    2 | (104.95, 60.73) | (60.87, 9.77)  |  68.0 | 14.558 |   +0.06
    3 | (109.64, 53.84) | (61.27, 9.89)  |  67.0 | 14.637 |   -1.00
    4 | (112.5, 46.01) | (61.67, 10.0)  |  65.0 | 14.802 |   -2.05
  ... (middle frames omitted) ...
    8 | (103.33, 15.46) | (63.27, 10.48) |  46.8 | 16.258 |   -5.97
    9 | (96.45, 10.75) | (63.67, 10.59) |  40.0 | 16.803 |   -6.82
   10 | (88.52, 8.2)   | (64.07, 10.71) |  32.4 | 17.409 |   -7.57
   11 | (80.19, 8.13)  | (64.47, 10.83) |  24.2 | 18.065 |   -8.19
   12 | (71.99, 9.64)  | (64.87, 10.95) |  15.6 | 18.754 |   -8.62


=== LASER ANALYSIS [19:37:42.268] ===
Target Enemy ID: 3
End Reason: OUT_OF_BOUNDS
Details: Final pos: (139.07, 108.71)
Total Frames: 4
Minimum Distance Achieved: 81.59px
Hit Threshold: 10.0px

=== LASER ANALYSIS [19:37:42.269] ===
Target Enemy ID: 3
End Reason: OUT_OF_BOUNDS_CLEANUP
Details: Cleaned up at pos: (139.07, 108.71)
Total Frames: 4
Minimum Distance Achieved: 81.59px
Hit Threshold: 10.0px

=== LASER ANALYSIS [19:37:47.164] ===
Target Enemy ID: 1
End Reason: DISTANCE_HIT
Details: Distance hit - Distance: 2.14, Threshold: 10.00, Laser: (116.96,41.88), Enemy: (115.89,40.02)
Total Frames: 10
Minimum Distance Achieved: 10.48px
Hit Threshold: 10.0px

=== LASER ANALYSIS [19:37:47.165] ===
Target Enemy ID: 1
End Reason: TIMEOUT
Details: Laser became inactive - Min distance: 10.48
Total Frames: 10
Minimum Distance Achieved: 10.48px
Hit Threshold: 10.0px

=== LASER ANALYSIS [19:37:49.243] ===
Target Enemy ID: 3
End Reason: DISTANCE_HIT
Details: Distance hit - Distance: 9.61, Threshold: 10.00, Laser: (48.73,38.78), Enemy: (52.21,47.74)
Total Frames: 38
Minimum Distance Achieved: 10.11px
Hit Threshold: 10.0px

=== LASER ANALYSIS [19:37:49.244] ===
Target Enemy ID: 3
End Reason: TIMEOUT
Details: Laser became inactive - Min distance: 10.11
Total Frames: 38
Minimum Distance Achieved: 10.11px
Hit Threshold: 10.0px

=== LASER ANALYSIS [19:39:50.450] ===
Target Enemy ID: 1
End Reason: OUT_OF_BOUNDS
Details: Final pos: (141.11, 86.76)
Total Frames: 92
Minimum Distance Achieved: 17.92px
Hit Threshold: 10.0px

=== LASER ANALYSIS [19:39:50.451] ===
Target Enemy ID: 1
End Reason: OUT_OF_BOUNDS_CLEANUP
Details: Cleaned up at pos: (141.11, 86.76)
Total Frames: 92
Minimum Distance Achieved: 17.92px
Hit Threshold: 10.0px

=== LASER ANALYSIS [19:39:56.918] ===
Target Enemy ID: 1
End Reason: DISTANCE_HIT
Details: Distance hit - Distance: 6.75, Threshold: 10.00, Laser: (98.27,73.39), Enemy: (96.34,66.93)
Total Frames: 91
Minimum Distance Achieved: 13.41px
Hit Threshold: 10.0px

=== LASER ANALYSIS [19:39:56.918] ===
Target Enemy ID: 1
End Reason: TIMEOUT
Details: Laser became inactive - Min distance: 13.41
Total Frames: 91
Minimum Distance Achieved: 13.41px
Hit Threshold: 10.0px

=== LASER ANALYSIS [19:41:35.897] ===
Target Enemy ID: 2
End Reason: DISTANCE_HIT
Details: Distance hit - Distance: 7.08, Threshold: 10.00, Laser: (119.26,41.31), Enemy: (121.09,34.48)
Total Frames: 16
Minimum Distance Achieved: 12.08px
Hit Threshold: 10.0px

=== LASER ANALYSIS [19:41:35.897] ===
Target Enemy ID: 2
End Reason: TIMEOUT
Details: Laser became inactive - Min distance: 12.08
Total Frames: 16
Minimum Distance Achieved: 12.08px
Hit Threshold: 10.0px

=== LASER ANALYSIS [19:41:37.546] ===
Target Enemy ID: 0
End Reason: DISTANCE_HIT
Details: Distance hit - Distance: 6.27, Threshold: 10.00, Laser: (85.09,66.39), Enemy: (79.24,64.14)
Total Frames: 15
Minimum Distance Achieved: 11.27px
Hit Threshold: 10.0px

=== LASER ANALYSIS [19:41:37.547] ===
Target Enemy ID: 0
End Reason: TIMEOUT
Details: Laser became inactive - Min distance: 11.27
Total Frames: 15
Minimum Distance Achieved: 11.27px
Hit Threshold: 10.0px

=== LASER ANALYSIS [19:41:42.666] ===
Target Enemy ID: 1
End Reason: DISTANCE_HIT
Details: Distance hit - Distance: 6.88, Threshold: 10.00, Laser: (30.60,41.31), Enemy: (30.80,34.43)
Total Frames: 16
Minimum Distance Achieved: 11.88px
Hit Threshold: 10.0px

=== LASER ANALYSIS [19:41:42.667] ===
Target Enemy ID: 1
End Reason: TIMEOUT
Details: Laser became inactive - Min distance: 11.88
Total Frames: 16
Minimum Distance Achieved: 11.88px
Hit Threshold: 10.0px

=== LASER ANALYSIS [19:41:42.718] ===
Target Enemy ID: 1
End Reason: DISTANCE_HIT
Details: Update distance hit - Distance: 5.74 < threshold: 10.0
Total Frames: 19
Minimum Distance Achieved: 5.74px
Hit Threshold: 10.0px

=== LASER ANALYSIS [19:41:42.718] ===
Target Enemy ID: 1
End Reason: TIMEOUT
Details: Laser became inactive - Min distance: 5.74
Total Frames: 19
Minimum Distance Achieved: 5.74px
Hit Threshold: 10.0px

=== LASER ANALYSIS [19:41:45.147] ===
Target Enemy ID: 3
End Reason: DISTANCE_HIT
Details: Distance hit - Distance: 7.14, Threshold: 10.00, Laser: (93.42,63.30), Enemy: (86.92,60.33)
Total Frames: 14
Minimum Distance Achieved: 12.14px
Hit Threshold: 10.0px

=== LASER ANALYSIS [19:41:45.148] ===
Target Enemy ID: 3
End Reason: TIMEOUT
Details: Laser became inactive - Min distance: 12.14
Total Frames: 14
Minimum Distance Achieved: 12.14px
Hit Threshold: 10.0px

=== LASER ANALYSIS [19:41:45.182] ===
Target Enemy ID: 3
End Reason: DISTANCE_HIT
Details: Update distance hit - Distance: 5.46 < threshold: 10.0
Total Frames: 16
Minimum Distance Achieved: 5.46px
Hit Threshold: 10.0px

=== LASER ANALYSIS [19:41:45.183] ===
Target Enemy ID: 3
End Reason: TIMEOUT
Details: Laser became inactive - Min distance: 5.46
Total Frames: 16
Minimum Distance Achieved: 5.46px
Hit Threshold: 10.0px

=== LASER ANALYSIS [19:41:46.481] ===
Target Enemy ID: 4
End Reason: DISTANCE_HIT
Details: Distance hit - Distance: 5.99, Threshold: 10.00, Laser: (40.99,69.72), Enemy: (41.15,63.73)
Total Frames: 10
Minimum Distance Achieved: 10.99px
Hit Threshold: 10.0px

=== LASER ANALYSIS [19:41:46.481] ===
Target Enemy ID: 4
End Reason: TIMEOUT
Details: Laser became inactive - Min distance: 10.99
Total Frames: 10
Minimum Distance Achieved: 10.99px
Hit Threshold: 10.0px

=== LASER ANALYSIS [19:42:00.576] ===
Target Enemy ID: 4
End Reason: DISTANCE_HIT
Details: Distance hit - Distance: 9.33, Threshold: 10.00, Laser: (111.88,26.80), Enemy: (121.16,25.93)
Total Frames: 28
Minimum Distance Achieved: 14.33px
Hit Threshold: 10.0px

=== LASER ANALYSIS [19:42:00.576] ===
Target Enemy ID: 4
End Reason: TIMEOUT
Details: Laser became inactive - Min distance: 14.33
Total Frames: 28
Minimum Distance Achieved: 14.33px
Hit Threshold: 10.0px

=== LASER ANALYSIS [19:42:02.581] ===
Target Enemy ID: 1
End Reason: DISTANCE_HIT
Details: Distance hit - Distance: 8.68, Threshold: 10.00, Laser: (21.07,38.78), Enemy: (12.56,40.46)
Total Frames: 30
Minimum Distance Achieved: 13.68px
Hit Threshold: 10.0px

=== LASER ANALYSIS [19:42:02.582] ===
Target Enemy ID: 1
End Reason: TIMEOUT
Details: Laser became inactive - Min distance: 13.68
Total Frames: 30
Minimum Distance Achieved: 13.68px
Hit Threshold: 10.0px

=== LASER ANALYSIS [19:42:04.529] ===
Target Enemy ID: 0
End Reason: DISTANCE_HIT
Details: Distance hit - Distance: 7.96, Threshold: 10.00, Laser: (33.92,26.54), Enemy: (34.51,18.60)
Total Frames: 19
Minimum Distance Achieved: 12.96px
Hit Threshold: 10.0px

=== LASER ANALYSIS [19:42:04.530] ===
Target Enemy ID: 0
End Reason: TIMEOUT
Details: Laser became inactive - Min distance: 12.96
Total Frames: 19
Minimum Distance Achieved: 12.96px
Hit Threshold: 10.0px

=== LASER ANALYSIS [19:42:07.211] ===
Target Enemy ID: 2
End Reason: DISTANCE_HIT
Details: Distance hit - Distance: 9.62, Threshold: 10.00, Laser: (114.28,61.21), Enemy: (123.89,61.75)
Total Frames: 27
Minimum Distance Achieved: 14.62px
Hit Threshold: 10.0px

=== LASER ANALYSIS [19:42:07.212] ===
Target Enemy ID: 2
End Reason: TIMEOUT
Details: Laser became inactive - Min distance: 14.62
Total Frames: 27
Minimum Distance Achieved: 14.62px
Hit Threshold: 10.0px

=== LASER ANALYSIS [19:42:07.280] ===
Target Enemy ID: 2
End Reason: DISTANCE_HIT
Details: Update distance hit - Distance: 8.05 < threshold: 10.0
Total Frames: 31
Minimum Distance Achieved: 8.05px
Hit Threshold: 10.0px

=== LASER ANALYSIS [19:42:07.281] ===
Target Enemy ID: 2
End Reason: TIMEOUT
Details: Laser became inactive - Min distance: 8.05
Total Frames: 31
Minimum Distance Achieved: 8.05px
Hit Threshold: 10.0px

=== LASER ANALYSIS [19:42:14.361] ===
Target Enemy ID: 3
End Reason: DISTANCE_HIT
Details: Distance hit - Distance: 5.16, Threshold: 10.00, Laser: (86.22,16.06), Enemy: (85.34,10.97)
Total Frames: 22
Minimum Distance Achieved: 10.16px
Hit Threshold: 10.0px

=== LASER ANALYSIS [19:42:14.361] ===
Target Enemy ID: 3
End Reason: TIMEOUT
Details: Laser became inactive - Min distance: 10.16
Total Frames: 22
Minimum Distance Achieved: 10.16px
Hit Threshold: 10.0px

=== LASER ANALYSIS [19:42:14.377] ===
Target Enemy ID: 3
End Reason: DISTANCE_HIT
Details: Update distance hit - Distance: 7.01 < threshold: 10.0
Total Frames: 23
Minimum Distance Achieved: 7.01px
Hit Threshold: 10.0px

=== LASER ANALYSIS [19:42:14.378] ===
Target Enemy ID: 3
End Reason: DISTANCE_HIT
Details: Update distance hit - Distance: 9.50 < threshold: 10.0
Total Frames: 23
Minimum Distance Achieved: 9.50px
Hit Threshold: 10.0px

=== LASER ANALYSIS [19:42:14.379] ===
Target Enemy ID: 3
End Reason: TIMEOUT
Details: Laser became inactive - Min distance: 7.01
Total Frames: 23
Minimum Distance Achieved: 7.01px
Hit Threshold: 10.0px

=== LASER ANALYSIS [19:42:14.380] ===
Target Enemy ID: 3
End Reason: TIMEOUT
Details: Laser became inactive - Min distance: 9.50
Total Frames: 23
Minimum Distance Achieved: 9.50px
Hit Threshold: 10.0px

=== LASER ANALYSIS [19:42:14.396] ===
Target Enemy ID: 3
End Reason: DISTANCE_HIT
Details: Update distance hit - Distance: 7.08 < threshold: 10.0
Total Frames: 24
Minimum Distance Achieved: 7.08px
Hit Threshold: 10.0px

=== LASER ANALYSIS [19:42:14.396] ===
Target Enemy ID: 3
End Reason: TIMEOUT
Details: Laser became inactive - Min distance: 7.08
Total Frames: 24
Minimum Distance Achieved: 7.08px
Hit Threshold: 10.0px

=== LASER ANALYSIS [19:42:14.432] ===
Target Enemy ID: 3
End Reason: DISTANCE_HIT
Details: Update distance hit - Distance: 8.13 < threshold: 10.0
Total Frames: 26
Minimum Distance Achieved: 8.13px
Hit Threshold: 10.0px

=== LASER ANALYSIS [19:42:14.433] ===
Target Enemy ID: 3
End Reason: TIMEOUT
Details: Laser became inactive - Min distance: 8.13
Total Frames: 26
Minimum Distance Achieved: 8.13px
Hit Threshold: 10.0px

=== LASER ANALYSIS [19:42:46.937] ===
Target Enemy ID: 0
End Reason: DISTANCE_HIT
Details: Distance hit - Distance: 9.46, Threshold: 10.00, Laser: (70.20,45.07), Enemy: (78.39,40.32)
Total Frames: 17
Minimum Distance Achieved: 14.46px
Hit Threshold: 10.0px

=== LASER ANALYSIS [19:42:46.938] ===
Target Enemy ID: 0
End Reason: TIMEOUT
Details: Laser became inactive - Min distance: 14.46
Total Frames: 17
Minimum Distance Achieved: 14.46px
Hit Threshold: 10.0px

=== LASER ANALYSIS [19:42:46.973] ===
Target Enemy ID: 0
End Reason: DISTANCE_HIT
Details: Update distance hit - Distance: 8.20 < threshold: 10.0
Total Frames: 19
Minimum Distance Achieved: 8.20px
Hit Threshold: 10.0px

=== LASER ANALYSIS [19:42:46.974] ===
Target Enemy ID: 0
End Reason: TIMEOUT
Details: Laser became inactive - Min distance: 8.20
Total Frames: 19
Minimum Distance Achieved: 8.20px
Hit Threshold: 10.0px

=== LASER ANALYSIS [19:42:46.990] ===
Target Enemy ID: 0
End Reason: DISTANCE_HIT
Details: Update distance hit - Distance: 7.71 < threshold: 10.0
Total Frames: 20
Minimum Distance Achieved: 7.71px
Hit Threshold: 10.0px

=== LASER ANALYSIS [19:42:46.991] ===
Target Enemy ID: 0
End Reason: TIMEOUT
Details: Laser became inactive - Min distance: 7.71
Total Frames: 20
Minimum Distance Achieved: 7.71px
Hit Threshold: 10.0px

=== LASER ANALYSIS [19:42:52.336] ===
Target Enemy ID: 3
End Reason: DISTANCE_HIT
Details: Distance hit - Distance: 9.85, Threshold: 10.00, Laser: (92.21,57.28), Enemy: (94.20,47.63)
Total Frames: 13
Minimum Distance Achieved: 14.85px
Hit Threshold: 10.0px

=== LASER ANALYSIS [19:42:52.337] ===
Target Enemy ID: 3
End Reason: TIMEOUT
Details: Laser became inactive - Min distance: 14.85
Total Frames: 13
Minimum Distance Achieved: 14.85px
Hit Threshold: 10.0px

=== LASER ANALYSIS [19:42:52.371] ===
Target Enemy ID: 3
End Reason: DISTANCE_HIT
Details: Update distance hit - Distance: 5.97 < threshold: 10.0
Total Frames: 15
Minimum Distance Achieved: 5.97px
Hit Threshold: 10.0px

=== LASER ANALYSIS [19:42:52.372] ===
Target Enemy ID: 3
End Reason: TIMEOUT
Details: Laser became inactive - Min distance: 5.97
Total Frames: 15
Minimum Distance Achieved: 5.97px
Hit Threshold: 10.0px

=== LASER ANALYSIS [19:42:55.085] ===
Target Enemy ID: 4
End Reason: DISTANCE_HIT
Details: Distance hit - Distance: 9.57, Threshold: 10.00, Laser: (54.05,42.88), Enemy: (44.80,40.43)
Total Frames: 16
Minimum Distance Achieved: 14.57px
Hit Threshold: 10.0px

=== LASER ANALYSIS [19:42:55.086] ===
Target Enemy ID: 4
End Reason: TIMEOUT
Details: Laser became inactive - Min distance: 14.57
Total Frames: 16
Minimum Distance Achieved: 14.57px
Hit Threshold: 10.0px

=== LASER ANALYSIS [19:42:55.187] ===
Target Enemy ID: 4
End Reason: DISTANCE_HIT
Details: Update distance hit - Distance: 5.98 < threshold: 10.0
Total Frames: 22
Minimum Distance Achieved: 5.98px
Hit Threshold: 10.0px

=== LASER ANALYSIS [19:42:55.187] ===
Target Enemy ID: 4
End Reason: TIMEOUT
Details: Laser became inactive - Min distance: 5.98
Total Frames: 22
Minimum Distance Achieved: 5.98px
Hit Threshold: 10.0px

=== LASER ANALYSIS [19:42:57.350] ===
Target Enemy ID: 2
End Reason: DISTANCE_HIT
Details: Distance hit - Distance: 9.39, Threshold: 10.00, Laser: (105.56,44.50), Enemy: (107.12,35.24)
Total Frames: 17
Minimum Distance Achieved: 14.39px
Hit Threshold: 10.0px

=== LASER ANALYSIS [19:42:57.351] ===
Target Enemy ID: 2
End Reason: TIMEOUT
Details: Laser became inactive - Min distance: 14.39
Total Frames: 17
Minimum Distance Achieved: 14.39px
Hit Threshold: 10.0px

=== LASER ANALYSIS [19:42:57.384] ===
Target Enemy ID: 2
End Reason: DISTANCE_HIT
Details: Update distance hit - Distance: 5.63 < threshold: 10.0
Total Frames: 19
Minimum Distance Achieved: 5.63px
Hit Threshold: 10.0px

=== LASER ANALYSIS [19:42:57.385] ===
Target Enemy ID: 2
End Reason: TIMEOUT
Details: Laser became inactive - Min distance: 5.63
Total Frames: 19
Minimum Distance Achieved: 5.63px
Hit Threshold: 10.0px

=== LASER ANALYSIS [19:42:59.235] ===
Target Enemy ID: 1
End Reason: DISTANCE_HIT
Details: Distance hit - Distance: 8.49, Threshold: 10.00, Laser: (11.79,72.21), Enemy: (5.93,66.07)
Total Frames: 14
Minimum Distance Achieved: 13.49px
Hit Threshold: 10.0px

=== LASER ANALYSIS [19:42:59.236] ===
Target Enemy ID: 1
End Reason: TIMEOUT
Details: Laser became inactive - Min distance: 13.49
Total Frames: 14
Minimum Distance Achieved: 13.49px
Hit Threshold: 10.0px

=== LASER ANALYSIS [19:43:08.957] ===
Target Enemy ID: 0
End Reason: DISTANCE_HIT
Details: Distance hit - Distance: 9.78, Threshold: 10.00, Laser: (108.63,34.00), Enemy: (117.60,30.11)
Total Frames: 23
Minimum Distance Achieved: 14.78px
Hit Threshold: 10.0px

=== LASER ANALYSIS [19:43:08.958] ===
Target Enemy ID: 0
End Reason: TIMEOUT
Details: Laser became inactive - Min distance: 14.78
Total Frames: 23
Minimum Distance Achieved: 14.78px
Hit Threshold: 10.0px

=== LASER ANALYSIS [19:43:08.991] ===
Target Enemy ID: 0
End Reason: DISTANCE_HIT
Details: Update distance hit - Distance: 5.11 < threshold: 10.0
Total Frames: 25
Minimum Distance Achieved: 5.11px
Hit Threshold: 10.0px

=== LASER ANALYSIS [19:43:08.991] ===
Target Enemy ID: 0
End Reason: TIMEOUT
Details: Laser became inactive - Min distance: 5.11
Total Frames: 25
Minimum Distance Achieved: 5.11px
Hit Threshold: 10.0px

=== LASER ANALYSIS [19:43:11.130] ===
Target Enemy ID: 3
End Reason: DISTANCE_HIT
Details: Distance hit - Distance: 7.30, Threshold: 10.00, Laser: (73.33,46.14), Enemy: (77.53,40.17)
Total Frames: 20
Minimum Distance Achieved: 12.30px
Hit Threshold: 10.0px

=== LASER ANALYSIS [19:43:11.131] ===
Target Enemy ID: 3
End Reason: TIMEOUT
Details: Laser became inactive - Min distance: 12.30
Total Frames: 20
Minimum Distance Achieved: 12.30px
Hit Threshold: 10.0px

=== LASER ANALYSIS [19:43:11.174] ===
Target Enemy ID: 1
End Reason: DISTANCE_HIT
Details: Distance hit - Distance: 8.09, Threshold: 10.00, Laser: (103.58,17.59), Enemy: (104.81,9.59)
Total Frames: 23
Minimum Distance Achieved: 13.09px
Hit Threshold: 10.0px

=== LASER ANALYSIS [19:43:11.175] ===
Target Enemy ID: 1
End Reason: TIMEOUT
Details: Laser became inactive - Min distance: 13.09
Total Frames: 23
Minimum Distance Achieved: 13.09px
Hit Threshold: 10.0px

=== LASER ANALYSIS [19:43:15.492] ===
Target Enemy ID: 2
End Reason: DISTANCE_HIT
Details: Distance hit - Distance: 7.70, Threshold: 10.00, Laser: (74.62,22.72), Enemy: (80.94,18.31)
Total Frames: 25
Minimum Distance Achieved: 12.70px
Hit Threshold: 10.0px

=== LASER ANALYSIS [19:43:15.492] ===
Target Enemy ID: 2
End Reason: TIMEOUT
Details: Laser became inactive - Min distance: 12.70
Total Frames: 25
Minimum Distance Achieved: 12.70px
Hit Threshold: 10.0px

=== LASER ANALYSIS [19:43:17.540] ===
Target Enemy ID: 4
End Reason: DISTANCE_HIT
Details: Distance hit - Distance: 9.84, Threshold: 10.00, Laser: (99.00,71.11), Enemy: (104.14,62.72)
Total Frames: 9
Minimum Distance Achieved: 14.84px
Hit Threshold: 10.0px

=== LASER ANALYSIS [19:43:17.541] ===
Target Enemy ID: 4
End Reason: TIMEOUT
Details: Laser became inactive - Min distance: 14.84
Total Frames: 9
Minimum Distance Achieved: 14.84px
Hit Threshold: 10.0px
